android/app/build/intermediates/manifest_merge_blame_file/release/processReleaseMainManifest/manifest-merger-blame-release-report.txt
1<?xml version="1.0" encoding="utf-8"?>
2<manifest xmlns:android="http://schemas.android.com/apk/res/android"
3    package="com.dashandots.sugslloydsvendorapp"
4    android:versionCode="1"
5    android:versionName="1.0.0" >
6
7    <uses-sdk
8        android:minSdkVersion="24"
9        android:targetSdkVersion="34" />
10
11    <uses-permission android:name="android.permission.ACCESS_COARSE_LOCATION" />
11-->src\main\AndroidManifest.xml:2:3-78
11-->src\main\AndroidManifest.xml:2:20-76
12    <uses-permission android:name="android.permission.ACCESS_FINE_LOCATION" />
12-->src\main\AndroidManifest.xml:3:3-76
12-->src\main\AndroidManifest.xml:3:20-74
13    <uses-permission android:name="android.permission.CAMERA" />
13-->src\main\AndroidManifest.xml:4:3-62
13-->src\main\AndroidManifest.xml:4:20-60
14    <uses-permission android:name="android.permission.INTERNET" />
14-->src\main\AndroidManifest.xml:5:3-64
14-->src\main\AndroidManifest.xml:5:20-62
15    <uses-permission android:name="android.permission.READ_EXTERNAL_STORAGE" />
15-->src\main\AndroidManifest.xml:6:3-77
15-->src\main\AndroidManifest.xml:6:20-75
16    <uses-permission android:name="android.permission.RECORD_AUDIO" />
16-->src\main\AndroidManifest.xml:7:3-68
16-->src\main\AndroidManifest.xml:7:20-66
17    <uses-permission android:name="android.permission.SYSTEM_ALERT_WINDOW" />
17-->src\main\AndroidManifest.xml:8:3-75
17-->src\main\AndroidManifest.xml:8:20-73
18    <uses-permission android:name="android.permission.VIBRATE" />
18-->src\main\AndroidManifest.xml:9:3-63
18-->src\main\AndroidManifest.xml:9:20-61
19    <uses-permission android:name="android.permission.WRITE_EXTERNAL_STORAGE" />
19-->src\main\AndroidManifest.xml:10:3-78
19-->src\main\AndroidManifest.xml:10:20-76
20
21    <queries>
21-->src\main\AndroidManifest.xml:11:3-17:13
22        <intent>
22-->src\main\AndroidManifest.xml:12:5-16:14
23            <action android:name="android.intent.action.VIEW" />
23-->src\main\AndroidManifest.xml:13:7-58
23-->src\main\AndroidManifest.xml:13:15-56
24
25            <category android:name="android.intent.category.BROWSABLE" />
25-->src\main\AndroidManifest.xml:14:7-67
25-->src\main\AndroidManifest.xml:14:17-65
26
27            <data android:scheme="https" />
27-->src\main\AndroidManifest.xml:15:7-37
27-->src\main\AndroidManifest.xml:15:13-35
28        </intent>
29        <!-- Query open documents -->
30        <intent>
30-->[:expo-file-system] AndroidManifest.xml:15:9-17:18
31            <action android:name="android.intent.action.OPEN_DOCUMENT_TREE" />
31-->[:expo-file-system] AndroidManifest.xml:16:13-79
31-->[:expo-file-system] AndroidManifest.xml:16:21-76
32        </intent>
33        <intent>
33-->[androidx.camera:camera-extensions:1.4.0-beta02] AndroidManifest.xml:23:9-25:18
34            <action android:name="androidx.camera.extensions.action.VENDOR_ACTION" />
34-->[androidx.camera:camera-extensions:1.4.0-beta02] AndroidManifest.xml:24:13-86
34-->[androidx.camera:camera-extensions:1.4.0-beta02] AndroidManifest.xml:24:21-83
35        </intent> <!-- Needs to be explicitly declared on Android R+ -->
36        <package android:name="com.google.android.apps.maps" />
36-->[com.google.android.gms:play-services-maps:18.2.0] AndroidManifest.xml:33:9-64
36-->[com.google.android.gms:play-services-maps:18.2.0] AndroidManifest.xml:33:18-61
37    </queries>
38    <!-- Include required permissions for Google Maps API to run. -->
39    <uses-permission android:name="android.permission.ACCESS_NETWORK_STATE" />
39-->[com.google.android.gms:play-services-maps:18.2.0] AndroidManifest.xml:23:5-79
39-->[com.google.android.gms:play-services-maps:18.2.0] AndroidManifest.xml:23:22-76
40
41    <uses-feature
41-->[com.google.android.gms:play-services-maps:18.2.0] AndroidManifest.xml:26:5-28:35
42        android:glEsVersion="0x00020000"
42-->[com.google.android.gms:play-services-maps:18.2.0] AndroidManifest.xml:27:9-41
43        android:required="true" />
43-->[com.google.android.gms:play-services-maps:18.2.0] AndroidManifest.xml:28:9-32
44
45    <uses-permission android:name="android.permission.WAKE_LOCK" />
45-->[androidx.work:work-runtime:2.7.1] AndroidManifest.xml:25:5-68
45-->[androidx.work:work-runtime:2.7.1] AndroidManifest.xml:25:22-65
46    <uses-permission android:name="android.permission.RECEIVE_BOOT_COMPLETED" />
46-->[androidx.work:work-runtime:2.7.1] AndroidManifest.xml:27:5-81
46-->[androidx.work:work-runtime:2.7.1] AndroidManifest.xml:27:22-78
47    <uses-permission android:name="android.permission.FOREGROUND_SERVICE" />
47-->[androidx.work:work-runtime:2.7.1] AndroidManifest.xml:28:5-77
47-->[androidx.work:work-runtime:2.7.1] AndroidManifest.xml:28:22-74
48
49    <permission
49-->[androidx.core:core:1.13.1] AndroidManifest.xml:22:5-24:47
50        android:name="com.dashandots.sugslloydsvendorapp.DYNAMIC_RECEIVER_NOT_EXPORTED_PERMISSION"
50-->[androidx.core:core:1.13.1] AndroidManifest.xml:23:9-81
51        android:protectionLevel="signature" />
51-->[androidx.core:core:1.13.1] AndroidManifest.xml:24:9-44
52
53    <uses-permission android:name="com.dashandots.sugslloydsvendorapp.DYNAMIC_RECEIVER_NOT_EXPORTED_PERMISSION" />
53-->[androidx.core:core:1.13.1] AndroidManifest.xml:26:5-97
53-->[androidx.core:core:1.13.1] AndroidManifest.xml:26:22-94
54    <uses-permission android:name="com.google.android.providers.gsf.permission.READ_GSERVICES" />
54-->[:expo-location$io.nlopez.smartlocation-jetified-aar] AndroidManifest.xml:15:5-98
54-->[:expo-location$io.nlopez.smartlocation-jetified-aar] AndroidManifest.xml:15:22-95
55    <uses-permission android:name="com.google.android.gms.permission.ACTIVITY_RECOGNITION" />
55-->[:expo-location$io.nlopez.smartlocation-jetified-aar] AndroidManifest.xml:16:5-94
55-->[:expo-location$io.nlopez.smartlocation-jetified-aar] AndroidManifest.xml:16:22-91
56
57    <application
57-->src\main\AndroidManifest.xml:18:3-34:17
58        android:name="com.dashandots.sugslloydsvendorapp.MainApplication"
58-->src\main\AndroidManifest.xml:18:16-47
59        android:allowBackup="true"
59-->src\main\AndroidManifest.xml:18:162-188
60        android:appComponentFactory="androidx.core.app.CoreComponentFactory"
60-->[androidx.core:core:1.13.1] AndroidManifest.xml:28:18-86
61        android:extractNativeLibs="true"
62        android:icon="@mipmap/ic_launcher"
62-->src\main\AndroidManifest.xml:18:81-115
63        android:label="@string/app_name"
63-->src\main\AndroidManifest.xml:18:48-80
64        android:roundIcon="@mipmap/ic_launcher_round"
64-->src\main\AndroidManifest.xml:18:116-161
65        android:supportsRtl="true"
65-->src\main\AndroidManifest.xml:18:221-247
66        android:theme="@style/AppTheme" >
66-->src\main\AndroidManifest.xml:18:189-220
67        <meta-data
67-->src\main\AndroidManifest.xml:19:5-83
68            android:name="expo.modules.updates.ENABLED"
68-->src\main\AndroidManifest.xml:19:16-59
69            android:value="false" />
69-->src\main\AndroidManifest.xml:19:60-81
70        <meta-data
70-->src\main\AndroidManifest.xml:20:5-105
71            android:name="expo.modules.updates.EXPO_UPDATES_CHECK_ON_LAUNCH"
71-->src\main\AndroidManifest.xml:20:16-80
72            android:value="ALWAYS" />
72-->src\main\AndroidManifest.xml:20:81-103
73        <meta-data
73-->src\main\AndroidManifest.xml:21:5-99
74            android:name="expo.modules.updates.EXPO_UPDATES_LAUNCH_WAIT_MS"
74-->src\main\AndroidManifest.xml:21:16-79
75            android:value="0" />
75-->src\main\AndroidManifest.xml:21:80-97
76
77        <activity
77-->src\main\AndroidManifest.xml:22:5-33:16
78            android:name="com.dashandots.sugslloydsvendorapp.MainActivity"
78-->src\main\AndroidManifest.xml:22:15-43
79            android:configChanges="keyboard|keyboardHidden|orientation|screenSize|screenLayout|uiMode"
79-->src\main\AndroidManifest.xml:22:44-134
80            android:exported="true"
80-->src\main\AndroidManifest.xml:22:256-279
81            android:launchMode="singleTask"
81-->src\main\AndroidManifest.xml:22:135-166
82            android:screenOrientation="portrait"
82-->src\main\AndroidManifest.xml:22:280-316
83            android:theme="@style/Theme.App.SplashScreen"
83-->src\main\AndroidManifest.xml:22:210-255
84            android:windowSoftInputMode="adjustResize" >
84-->src\main\AndroidManifest.xml:22:167-209
85            <intent-filter>
85-->src\main\AndroidManifest.xml:23:7-26:23
86                <action android:name="android.intent.action.MAIN" />
86-->src\main\AndroidManifest.xml:24:9-60
86-->src\main\AndroidManifest.xml:24:17-58
87
88                <category android:name="android.intent.category.LAUNCHER" />
88-->src\main\AndroidManifest.xml:25:9-68
88-->src\main\AndroidManifest.xml:25:19-66
89            </intent-filter>
90            <intent-filter>
90-->src\main\AndroidManifest.xml:27:7-32:23
91                <action android:name="android.intent.action.VIEW" />
91-->src\main\AndroidManifest.xml:13:7-58
91-->src\main\AndroidManifest.xml:13:15-56
92
93                <category android:name="android.intent.category.DEFAULT" />
93-->src\main\AndroidManifest.xml:29:9-67
93-->src\main\AndroidManifest.xml:29:19-65
94                <category android:name="android.intent.category.BROWSABLE" />
94-->src\main\AndroidManifest.xml:14:7-67
94-->src\main\AndroidManifest.xml:14:17-65
95
96                <data android:scheme="com.dashandots.sugslloydsvendorapp" />
96-->src\main\AndroidManifest.xml:15:7-37
96-->src\main\AndroidManifest.xml:15:13-35
97            </intent-filter>
98        </activity>
99
100        <provider
100-->[:expo-file-system] AndroidManifest.xml:21:9-30:20
101            android:name="expo.modules.filesystem.FileSystemFileProvider"
101-->[:expo-file-system] AndroidManifest.xml:22:13-74
102            android:authorities="com.dashandots.sugslloydsvendorapp.FileSystemFileProvider"
102-->[:expo-file-system] AndroidManifest.xml:23:13-74
103            android:exported="false"
103-->[:expo-file-system] AndroidManifest.xml:24:13-37
104            android:grantUriPermissions="true" >
104-->[:expo-file-system] AndroidManifest.xml:25:13-47
105            <meta-data
105-->[:expo-file-system] AndroidManifest.xml:27:13-29:70
106                android:name="android.support.FILE_PROVIDER_PATHS"
106-->[:expo-file-system] AndroidManifest.xml:28:17-67
107                android:resource="@xml/file_system_provider_paths" />
107-->[:expo-file-system] AndroidManifest.xml:29:17-67
108        </provider>
109
110        <service
110-->[:expo-location] AndroidManifest.xml:11:9-14:56
111            android:name="expo.modules.location.services.LocationTaskService"
111-->[:expo-location] AndroidManifest.xml:12:13-78
112            android:exported="false"
112-->[:expo-location] AndroidManifest.xml:13:13-37
113            android:foregroundServiceType="location" />
113-->[:expo-location] AndroidManifest.xml:14:13-53
114
115        <meta-data
115-->[:expo-modules-core] AndroidManifest.xml:9:9-11:89
116            android:name="org.unimodules.core.AppLoader#react-native-headless"
116-->[:expo-modules-core] AndroidManifest.xml:10:13-79
117            android:value="expo.modules.adapters.react.apploader.RNHeadlessAppLoader" />
117-->[:expo-modules-core] AndroidManifest.xml:11:13-86
118        <meta-data
118-->[:expo-modules-core] AndroidManifest.xml:12:9-15:45
119            android:name="com.facebook.soloader.enabled"
119-->[:expo-modules-core] AndroidManifest.xml:13:13-57
120            android:value="true" />
120-->[:expo-modules-core] AndroidManifest.xml:14:13-33
121
122        <uses-library
122-->[androidx.camera:camera-extensions:1.4.0-beta02] AndroidManifest.xml:29:9-31:40
123            android:name="androidx.camera.extensions.impl"
123-->[androidx.camera:camera-extensions:1.4.0-beta02] AndroidManifest.xml:30:13-59
124            android:required="false" />
124-->[androidx.camera:camera-extensions:1.4.0-beta02] AndroidManifest.xml:31:13-37
125
126        <service
126-->[androidx.camera:camera-camera2:1.4.0-beta02] AndroidManifest.xml:24:9-33:19
127            android:name="androidx.camera.core.impl.MetadataHolderService"
127-->[androidx.camera:camera-camera2:1.4.0-beta02] AndroidManifest.xml:25:13-75
128            android:enabled="false"
128-->[androidx.camera:camera-camera2:1.4.0-beta02] AndroidManifest.xml:26:13-36
129            android:exported="false" >
129-->[androidx.camera:camera-camera2:1.4.0-beta02] AndroidManifest.xml:27:13-37
130            <meta-data
130-->[androidx.camera:camera-camera2:1.4.0-beta02] AndroidManifest.xml:30:13-32:89
131                android:name="androidx.camera.core.impl.MetadataHolderService.DEFAULT_CONFIG_PROVIDER"
131-->[androidx.camera:camera-camera2:1.4.0-beta02] AndroidManifest.xml:31:17-103
132                android:value="androidx.camera.camera2.Camera2Config$DefaultProvider" />
132-->[androidx.camera:camera-camera2:1.4.0-beta02] AndroidManifest.xml:32:17-86
133        </service>
134
135        <meta-data
135-->[com.google.maps.android:android-maps-utils:3.8.2] AndroidManifest.xml:8:9-10:69
136            android:name="com.google.android.gms.version"
136-->[com.google.maps.android:android-maps-utils:3.8.2] AndroidManifest.xml:9:13-58
137            android:value="@integer/google_play_services_version" /> <!-- Needs to be explicitly declared on P+ -->
137-->[com.google.maps.android:android-maps-utils:3.8.2] AndroidManifest.xml:10:13-66
138        <uses-library
138-->[com.google.android.gms:play-services-maps:18.2.0] AndroidManifest.xml:39:9-41:40
139            android:name="org.apache.http.legacy"
139-->[com.google.android.gms:play-services-maps:18.2.0] AndroidManifest.xml:40:13-50
140            android:required="false" />
140-->[com.google.android.gms:play-services-maps:18.2.0] AndroidManifest.xml:41:13-37
141
142        <service
142-->[com.google.android.gms:play-services-mlkit-barcode-scanning:18.3.0] AndroidManifest.xml:9:9-15:19
143            android:name="com.google.mlkit.common.internal.MlKitComponentDiscoveryService"
143-->[com.google.android.gms:play-services-mlkit-barcode-scanning:18.3.0] AndroidManifest.xml:10:13-91
144            android:directBootAware="true"
144-->[com.google.mlkit:common:18.9.0] AndroidManifest.xml:17:13-43
145            android:exported="false" >
145-->[com.google.android.gms:play-services-mlkit-barcode-scanning:18.3.0] AndroidManifest.xml:11:13-37
146            <meta-data
146-->[com.google.android.gms:play-services-mlkit-barcode-scanning:18.3.0] AndroidManifest.xml:12:13-14:85
147                android:name="com.google.firebase.components:com.google.mlkit.vision.barcode.internal.BarcodeRegistrar"
147-->[com.google.android.gms:play-services-mlkit-barcode-scanning:18.3.0] AndroidManifest.xml:13:17-120
148                android:value="com.google.firebase.components.ComponentRegistrar" />
148-->[com.google.android.gms:play-services-mlkit-barcode-scanning:18.3.0] AndroidManifest.xml:14:17-82
149            <meta-data
149-->[com.google.mlkit:vision-common:17.3.0] AndroidManifest.xml:12:13-14:85
150                android:name="com.google.firebase.components:com.google.mlkit.vision.common.internal.VisionCommonRegistrar"
150-->[com.google.mlkit:vision-common:17.3.0] AndroidManifest.xml:13:17-124
151                android:value="com.google.firebase.components.ComponentRegistrar" />
151-->[com.google.mlkit:vision-common:17.3.0] AndroidManifest.xml:14:17-82
152            <meta-data
152-->[com.google.mlkit:common:18.9.0] AndroidManifest.xml:20:13-22:85
153                android:name="com.google.firebase.components:com.google.mlkit.common.internal.CommonComponentRegistrar"
153-->[com.google.mlkit:common:18.9.0] AndroidManifest.xml:21:17-120
154                android:value="com.google.firebase.components.ComponentRegistrar" />
154-->[com.google.mlkit:common:18.9.0] AndroidManifest.xml:22:17-82
155        </service>
156
157        <provider
157-->[com.google.mlkit:common:18.9.0] AndroidManifest.xml:9:9-13:38
158            android:name="com.google.mlkit.common.internal.MlKitInitProvider"
158-->[com.google.mlkit:common:18.9.0] AndroidManifest.xml:10:13-78
159            android:authorities="com.dashandots.sugslloydsvendorapp.mlkitinitprovider"
159-->[com.google.mlkit:common:18.9.0] AndroidManifest.xml:11:13-69
160            android:exported="false"
160-->[com.google.mlkit:common:18.9.0] AndroidManifest.xml:12:13-37
161            android:initOrder="99" />
161-->[com.google.mlkit:common:18.9.0] AndroidManifest.xml:13:13-35
162
163        <activity
163-->[com.google.android.gms:play-services-base:18.2.0] AndroidManifest.xml:20:9-22:45
164            android:name="com.google.android.gms.common.api.GoogleApiActivity"
164-->[com.google.android.gms:play-services-base:18.2.0] AndroidManifest.xml:20:19-85
165            android:exported="false"
165-->[com.google.android.gms:play-services-base:18.2.0] AndroidManifest.xml:22:19-43
166            android:theme="@android:style/Theme.Translucent.NoTitleBar" />
166-->[com.google.android.gms:play-services-base:18.2.0] AndroidManifest.xml:21:19-78
167
168        <provider
168-->[androidx.work:work-runtime:2.7.1] AndroidManifest.xml:31:9-39:20
169            android:name="androidx.startup.InitializationProvider"
169-->[androidx.work:work-runtime:2.7.1] AndroidManifest.xml:32:13-67
170            android:authorities="com.dashandots.sugslloydsvendorapp.androidx-startup"
170-->[androidx.work:work-runtime:2.7.1] AndroidManifest.xml:33:13-68
171            android:exported="false" >
171-->[androidx.work:work-runtime:2.7.1] AndroidManifest.xml:34:13-37
172            <meta-data
172-->[androidx.work:work-runtime:2.7.1] AndroidManifest.xml:36:13-38:52
173                android:name="androidx.work.WorkManagerInitializer"
173-->[androidx.work:work-runtime:2.7.1] AndroidManifest.xml:37:17-68
174                android:value="androidx.startup" />
174-->[androidx.work:work-runtime:2.7.1] AndroidManifest.xml:38:17-49
175            <meta-data
175-->[androidx.emoji2:emoji2:1.2.0] AndroidManifest.xml:29:13-31:52
176                android:name="androidx.emoji2.text.EmojiCompatInitializer"
176-->[androidx.emoji2:emoji2:1.2.0] AndroidManifest.xml:30:17-75
177                android:value="androidx.startup" />
177-->[androidx.emoji2:emoji2:1.2.0] AndroidManifest.xml:31:17-49
178            <meta-data
178-->[androidx.lifecycle:lifecycle-process:2.6.2] AndroidManifest.xml:29:13-31:52
179                android:name="androidx.lifecycle.ProcessLifecycleInitializer"
179-->[androidx.lifecycle:lifecycle-process:2.6.2] AndroidManifest.xml:30:17-78
180                android:value="androidx.startup" />
180-->[androidx.lifecycle:lifecycle-process:2.6.2] AndroidManifest.xml:31:17-49
181            <meta-data
181-->[androidx.profileinstaller:profileinstaller:1.3.0] AndroidManifest.xml:29:13-31:52
182                android:name="androidx.profileinstaller.ProfileInstallerInitializer"
182-->[androidx.profileinstaller:profileinstaller:1.3.0] AndroidManifest.xml:30:17-85
183                android:value="androidx.startup" />
183-->[androidx.profileinstaller:profileinstaller:1.3.0] AndroidManifest.xml:31:17-49
184        </provider>
185
186        <service
186-->[androidx.work:work-runtime:2.7.1] AndroidManifest.xml:41:9-46:35
187            android:name="androidx.work.impl.background.systemalarm.SystemAlarmService"
187-->[androidx.work:work-runtime:2.7.1] AndroidManifest.xml:42:13-88
188            android:directBootAware="false"
188-->[androidx.work:work-runtime:2.7.1] AndroidManifest.xml:43:13-44
189            android:enabled="@bool/enable_system_alarm_service_default"
189-->[androidx.work:work-runtime:2.7.1] AndroidManifest.xml:44:13-72
190            android:exported="false" />
190-->[androidx.work:work-runtime:2.7.1] AndroidManifest.xml:45:13-37
191        <service
191-->[androidx.work:work-runtime:2.7.1] AndroidManifest.xml:47:9-53:35
192            android:name="androidx.work.impl.background.systemjob.SystemJobService"
192-->[androidx.work:work-runtime:2.7.1] AndroidManifest.xml:48:13-84
193            android:directBootAware="false"
193-->[androidx.work:work-runtime:2.7.1] AndroidManifest.xml:49:13-44
194            android:enabled="@bool/enable_system_job_service_default"
194-->[androidx.work:work-runtime:2.7.1] AndroidManifest.xml:50:13-70
195            android:exported="true"
195-->[androidx.work:work-runtime:2.7.1] AndroidManifest.xml:51:13-36
196            android:permission="android.permission.BIND_JOB_SERVICE" />
196-->[androidx.work:work-runtime:2.7.1] AndroidManifest.xml:52:13-69
197        <service
197-->[androidx.work:work-runtime:2.7.1] AndroidManifest.xml:54:9-59:35
198            android:name="androidx.work.impl.foreground.SystemForegroundService"
198-->[androidx.work:work-runtime:2.7.1] AndroidManifest.xml:55:13-81
199            android:directBootAware="false"
199-->[androidx.work:work-runtime:2.7.1] AndroidManifest.xml:56:13-44
200            android:enabled="@bool/enable_system_foreground_service_default"
200-->[androidx.work:work-runtime:2.7.1] AndroidManifest.xml:57:13-77
201            android:exported="false" />
201-->[androidx.work:work-runtime:2.7.1] AndroidManifest.xml:58:13-37
202
203        <receiver
203-->[androidx.work:work-runtime:2.7.1] AndroidManifest.xml:61:9-66:35
204            android:name="androidx.work.impl.utils.ForceStopRunnable$BroadcastReceiver"
204-->[androidx.work:work-runtime:2.7.1] AndroidManifest.xml:62:13-88
205            android:directBootAware="false"
205-->[androidx.work:work-runtime:2.7.1] AndroidManifest.xml:63:13-44
206            android:enabled="true"
206-->[androidx.work:work-runtime:2.7.1] AndroidManifest.xml:64:13-35
207            android:exported="false" />
207-->[androidx.work:work-runtime:2.7.1] AndroidManifest.xml:65:13-37
208        <receiver
208-->[androidx.work:work-runtime:2.7.1] AndroidManifest.xml:67:9-77:20
209            android:name="androidx.work.impl.background.systemalarm.ConstraintProxy$BatteryChargingProxy"
209-->[androidx.work:work-runtime:2.7.1] AndroidManifest.xml:68:13-106
210            android:directBootAware="false"
210-->[androidx.work:work-runtime:2.7.1] AndroidManifest.xml:69:13-44
211            android:enabled="false"
211-->[androidx.work:work-runtime:2.7.1] AndroidManifest.xml:70:13-36
212            android:exported="false" >
212-->[androidx.work:work-runtime:2.7.1] AndroidManifest.xml:71:13-37
213            <intent-filter>
213-->[androidx.work:work-runtime:2.7.1] AndroidManifest.xml:73:13-76:29
214                <action android:name="android.intent.action.ACTION_POWER_CONNECTED" />
214-->[androidx.work:work-runtime:2.7.1] AndroidManifest.xml:74:17-87
214-->[androidx.work:work-runtime:2.7.1] AndroidManifest.xml:74:25-84
215                <action android:name="android.intent.action.ACTION_POWER_DISCONNECTED" />
215-->[androidx.work:work-runtime:2.7.1] AndroidManifest.xml:75:17-90
215-->[androidx.work:work-runtime:2.7.1] AndroidManifest.xml:75:25-87
216            </intent-filter>
217        </receiver>
218        <receiver
218-->[androidx.work:work-runtime:2.7.1] AndroidManifest.xml:78:9-88:20
219            android:name="androidx.work.impl.background.systemalarm.ConstraintProxy$BatteryNotLowProxy"
219-->[androidx.work:work-runtime:2.7.1] AndroidManifest.xml:79:13-104
220            android:directBootAware="false"
220-->[androidx.work:work-runtime:2.7.1] AndroidManifest.xml:80:13-44
221            android:enabled="false"
221-->[androidx.work:work-runtime:2.7.1] AndroidManifest.xml:81:13-36
222            android:exported="false" >
222-->[androidx.work:work-runtime:2.7.1] AndroidManifest.xml:82:13-37
223            <intent-filter>
223-->[androidx.work:work-runtime:2.7.1] AndroidManifest.xml:84:13-87:29
224                <action android:name="android.intent.action.BATTERY_OKAY" />
224-->[androidx.work:work-runtime:2.7.1] AndroidManifest.xml:85:17-77
224-->[androidx.work:work-runtime:2.7.1] AndroidManifest.xml:85:25-74
225                <action android:name="android.intent.action.BATTERY_LOW" />
225-->[androidx.work:work-runtime:2.7.1] AndroidManifest.xml:86:17-76
225-->[androidx.work:work-runtime:2.7.1] AndroidManifest.xml:86:25-73
226            </intent-filter>
227        </receiver>
228        <receiver
228-->[androidx.work:work-runtime:2.7.1] AndroidManifest.xml:89:9-99:20
229            android:name="androidx.work.impl.background.systemalarm.ConstraintProxy$StorageNotLowProxy"
229-->[androidx.work:work-runtime:2.7.1] AndroidManifest.xml:90:13-104
230            android:directBootAware="false"
230-->[androidx.work:work-runtime:2.7.1] AndroidManifest.xml:91:13-44
231            android:enabled="false"
231-->[androidx.work:work-runtime:2.7.1] AndroidManifest.xml:92:13-36
232            android:exported="false" >
232-->[androidx.work:work-runtime:2.7.1] AndroidManifest.xml:93:13-37
233            <intent-filter>
233-->[androidx.work:work-runtime:2.7.1] AndroidManifest.xml:95:13-98:29
234                <action android:name="android.intent.action.DEVICE_STORAGE_LOW" />
234-->[androidx.work:work-runtime:2.7.1] AndroidManifest.xml:96:17-83
234-->[androidx.work:work-runtime:2.7.1] AndroidManifest.xml:96:25-80
235                <action android:name="android.intent.action.DEVICE_STORAGE_OK" />
235-->[androidx.work:work-runtime:2.7.1] AndroidManifest.xml:97:17-82
235-->[androidx.work:work-runtime:2.7.1] AndroidManifest.xml:97:25-79
236            </intent-filter>
237        </receiver>
238        <receiver
238-->[androidx.work:work-runtime:2.7.1] AndroidManifest.xml:100:9-109:20
239            android:name="androidx.work.impl.background.systemalarm.ConstraintProxy$NetworkStateProxy"
239-->[androidx.work:work-runtime:2.7.1] AndroidManifest.xml:101:13-103
240            android:directBootAware="false"
240-->[androidx.work:work-runtime:2.7.1] AndroidManifest.xml:102:13-44
241            android:enabled="false"
241-->[androidx.work:work-runtime:2.7.1] AndroidManifest.xml:103:13-36
242            android:exported="false" >
242-->[androidx.work:work-runtime:2.7.1] AndroidManifest.xml:104:13-37
243            <intent-filter>
243-->[androidx.work:work-runtime:2.7.1] AndroidManifest.xml:106:13-108:29
244                <action android:name="android.net.conn.CONNECTIVITY_CHANGE" />
244-->[androidx.work:work-runtime:2.7.1] AndroidManifest.xml:107:17-79
244-->[androidx.work:work-runtime:2.7.1] AndroidManifest.xml:107:25-76
245            </intent-filter>
246        </receiver>
247        <receiver
247-->[androidx.work:work-runtime:2.7.1] AndroidManifest.xml:110:9-121:20
248            android:name="androidx.work.impl.background.systemalarm.RescheduleReceiver"
248-->[androidx.work:work-runtime:2.7.1] AndroidManifest.xml:111:13-88
249            android:directBootAware="false"
249-->[androidx.work:work-runtime:2.7.1] AndroidManifest.xml:112:13-44
250            android:enabled="false"
250-->[androidx.work:work-runtime:2.7.1] AndroidManifest.xml:113:13-36
251            android:exported="false" >
251-->[androidx.work:work-runtime:2.7.1] AndroidManifest.xml:114:13-37
252            <intent-filter>
252-->[androidx.work:work-runtime:2.7.1] AndroidManifest.xml:116:13-120:29
253                <action android:name="android.intent.action.BOOT_COMPLETED" />
253-->[androidx.work:work-runtime:2.7.1] AndroidManifest.xml:117:17-79
253-->[androidx.work:work-runtime:2.7.1] AndroidManifest.xml:117:25-76
254                <action android:name="android.intent.action.TIME_SET" />
254-->[androidx.work:work-runtime:2.7.1] AndroidManifest.xml:118:17-73
254-->[androidx.work:work-runtime:2.7.1] AndroidManifest.xml:118:25-70
255                <action android:name="android.intent.action.TIMEZONE_CHANGED" />
255-->[androidx.work:work-runtime:2.7.1] AndroidManifest.xml:119:17-81
255-->[androidx.work:work-runtime:2.7.1] AndroidManifest.xml:119:25-78
256            </intent-filter>
257        </receiver>
258        <receiver
258-->[androidx.work:work-runtime:2.7.1] AndroidManifest.xml:122:9-131:20
259            android:name="androidx.work.impl.background.systemalarm.ConstraintProxyUpdateReceiver"
259-->[androidx.work:work-runtime:2.7.1] AndroidManifest.xml:123:13-99
260            android:directBootAware="false"
260-->[androidx.work:work-runtime:2.7.1] AndroidManifest.xml:124:13-44
261            android:enabled="@bool/enable_system_alarm_service_default"
261-->[androidx.work:work-runtime:2.7.1] AndroidManifest.xml:125:13-72
262            android:exported="false" >
262-->[androidx.work:work-runtime:2.7.1] AndroidManifest.xml:126:13-37
263            <intent-filter>
263-->[androidx.work:work-runtime:2.7.1] AndroidManifest.xml:128:13-130:29
264                <action android:name="androidx.work.impl.background.systemalarm.UpdateProxies" />
264-->[androidx.work:work-runtime:2.7.1] AndroidManifest.xml:129:17-98
264-->[androidx.work:work-runtime:2.7.1] AndroidManifest.xml:129:25-95
265            </intent-filter>
266        </receiver>
267        <receiver
267-->[androidx.work:work-runtime:2.7.1] AndroidManifest.xml:132:9-142:20
268            android:name="androidx.work.impl.diagnostics.DiagnosticsReceiver"
268-->[androidx.work:work-runtime:2.7.1] AndroidManifest.xml:133:13-78
269            android:directBootAware="false"
269-->[androidx.work:work-runtime:2.7.1] AndroidManifest.xml:134:13-44
270            android:enabled="true"
270-->[androidx.work:work-runtime:2.7.1] AndroidManifest.xml:135:13-35
271            android:exported="true"
271-->[androidx.work:work-runtime:2.7.1] AndroidManifest.xml:136:13-36
272            android:permission="android.permission.DUMP" >
272-->[androidx.work:work-runtime:2.7.1] AndroidManifest.xml:137:13-57
273            <intent-filter>
273-->[androidx.work:work-runtime:2.7.1] AndroidManifest.xml:139:13-141:29
274                <action android:name="androidx.work.diagnostics.REQUEST_DIAGNOSTICS" />
274-->[androidx.work:work-runtime:2.7.1] AndroidManifest.xml:140:17-88
274-->[androidx.work:work-runtime:2.7.1] AndroidManifest.xml:140:25-85
275            </intent-filter>
276        </receiver>